<?xml version="1.0" encoding="UTF-8"?>
<!-- Generated by org.testng.reporters.JUnitReportReporter -->
<testsuite skipped="0" hostname="AF16010DT" name="MobileTesting.com.AFAdvantage.TC005_ValidateCompWestWebsiteObjects" tests="1" failures="0" timestamp="30 Oct 2017 16:37:29 GMT" time="45.406" errors="1">
  <testcase name="validateCWMobileWebpage" time="45.406" classname="MobileTesting.com.AFAdvantage.TC005_ValidateCompWestWebsiteObjects">
    <error type="org.openqa.selenium.NoSuchElementException" message="An element could not be located on the page using the given search parameters. (WARNING: The server did not provide any stacktrace information)
Command duration or timeout: 0 milliseconds
For documentation on this error, please visit: http://seleniumhq.org/exceptions/no_such_element.html
Build info: version: &#039;3.6.0&#039;, revision: &#039;6fbf3ec767&#039;, time: &#039;2017-09-27T15:28:36.4Z&#039;
System info: host: &#039;AF16010DT&#039;, ip: &#039;10.10.20.96&#039;, os.name: &#039;Windows 7&#039;, os.arch: &#039;x86&#039;, os.version: &#039;6.1&#039;, java.version: &#039;1.8.0_144&#039;
Driver info: org.openqa.selenium.remote.RemoteWebDriver
Capabilities [{appPackage=com.afhi.agentadvantage, app=C:\Users\ThusharA\eclipse-workspace\com.AFAdvantage\app\AgentAdvantage-Release (32).apk, deviceScreenSize=1440x2560, networkConnectionEnabled=true, noReset=true, warnings={}, databaseEnabled=false, deviceName=605d2a77, fullReset=false, platform=LINUX, deviceUDID=605d2a77, appActivity=md50da5b987ed389e30f52660a117b247b4.SplashActivity, desired={appPackage=com.afhi.agentadvantage, appActivity=md50da5b987ed389e30f52660a117b247b4.SplashActivity, app=C:\Users\ThusharA\eclipse-workspace\com.AFAdvantage\app\AgentAdvantage-Release (32).apk, noReset=true, newCommandTimeout=1000, platformVersion=7.0, platformName=Android, device=Android, deviceName=Android, fullReset=false}, newCommandTimeout=1000, platformVersion=7.0, webStorageEnabled=false, locationContextEnabled=false, takesScreenshot=true, javascriptEnabled=true, deviceModel=SM-G935V, deviceManufacturer=samsung, platformName=LINUX, device=Android}]
Session ID: 6e8cd3a9-28f5-4880-aa9c-56e2540c2052
*** Element info: {Using=xpath, value=//android.widget.Button[@text=&#039;Swap&#039;]}">
      <![CDATA[org.openqa.selenium.NoSuchElementException: An element could not be located on the page using the given search parameters. (WARNING: The server did not provide any stacktrace information)
Command duration or timeout: 0 milliseconds
For documentation on this error, please visit: http://seleniumhq.org/exceptions/no_such_element.html
Build info: version: '3.6.0', revision: '6fbf3ec767', time: '2017-09-27T15:28:36.4Z'
System info: host: 'AF16010DT', ip: '10.10.20.96', os.name: 'Windows 7', os.arch: 'x86', os.version: '6.1', java.version: '1.8.0_144'
Driver info: org.openqa.selenium.remote.RemoteWebDriver
Capabilities [{appPackage=com.afhi.agentadvantage, app=C:\Users\ThusharA\eclipse-workspace\com.AFAdvantage\app\AgentAdvantage-Release (32).apk, deviceScreenSize=1440x2560, networkConnectionEnabled=true, noReset=true, warnings={}, databaseEnabled=false, deviceName=605d2a77, fullReset=false, platform=LINUX, deviceUDID=605d2a77, appActivity=md50da5b987ed389e30f52660a117b247b4.SplashActivity, desired={appPackage=com.afhi.agentadvantage, appActivity=md50da5b987ed389e30f52660a117b247b4.SplashActivity, app=C:\Users\ThusharA\eclipse-workspace\com.AFAdvantage\app\AgentAdvantage-Release (32).apk, noReset=true, newCommandTimeout=1000, platformVersion=7.0, platformName=Android, device=Android, deviceName=Android, fullReset=false}, newCommandTimeout=1000, platformVersion=7.0, webStorageEnabled=false, locationContextEnabled=false, takesScreenshot=true, javascriptEnabled=true, deviceModel=SM-G935V, deviceManufacturer=samsung, platformName=LINUX, device=Android}]
Session ID: 6e8cd3a9-28f5-4880-aa9c-56e2540c2052
*** Element info: {Using=xpath, value=//android.widget.Button[@text='Swap']}
	at sun.reflect.NativeConstructorAccessorImpl.newInstance0(Native Method)
	at sun.reflect.NativeConstructorAccessorImpl.newInstance(Unknown Source)
	at sun.reflect.DelegatingConstructorAccessorImpl.newInstance(Unknown Source)
	at java.lang.reflect.Constructor.newInstance(Unknown Source)
	at org.openqa.selenium.remote.ErrorHandler.createThrowable(ErrorHandler.java:214)
	at org.openqa.selenium.remote.ErrorHandler.throwIfResponseFailed(ErrorHandler.java:166)
	at org.openqa.selenium.remote.http.JsonHttpResponseCodec.reconstructValue(JsonHttpResponseCodec.java:40)
	at org.openqa.selenium.remote.http.AbstractHttpResponseCodec.decode(AbstractHttpResponseCodec.java:82)
	at org.openqa.selenium.remote.http.AbstractHttpResponseCodec.decode(AbstractHttpResponseCodec.java:45)
	at org.openqa.selenium.remote.HttpCommandExecutor.execute(HttpCommandExecutor.java:164)
	at org.openqa.selenium.remote.RemoteWebDriver.execute(RemoteWebDriver.java:586)
	at org.openqa.selenium.remote.RemoteWebDriver.findElement(RemoteWebDriver.java:356)
	at org.openqa.selenium.remote.RemoteWebDriver.findElementByXPath(RemoteWebDriver.java:458)
	at org.openqa.selenium.By$ByXPath.findElement(By.java:361)
	at org.openqa.selenium.remote.RemoteWebDriver.findElement(RemoteWebDriver.java:348)
	at org.openqa.selenium.support.pagefactory.DefaultElementLocator.findElement(DefaultElementLocator.java:69)
	at org.openqa.selenium.support.pagefactory.internal.LocatingElementHandler.invoke(LocatingElementHandler.java:38)
	at com.sun.proxy.$Proxy10.click(Unknown Source)
	at MobileTesting.com.AFAdvantage.uiActions.Homepage.swapBetweenBrands(Homepage.java:94)
	at MobileTesting.com.AFAdvantage.TC005_ValidateCompWestWebsiteObjects.validateCWMobileWebpage(TC005_ValidateCompWestWebsiteObjects.java:62)
	at sun.reflect.NativeMethodAccessorImpl.invoke0(Native Method)
	at sun.reflect.NativeMethodAccessorImpl.invoke(Unknown Source)
	at sun.reflect.DelegatingMethodAccessorImpl.invoke(Unknown Source)
	at java.lang.reflect.Method.invoke(Unknown Source)
	at org.testng.internal.MethodInvocationHelper.invokeMethod(MethodInvocationHelper.java:108)
	at org.testng.internal.Invoker.invokeMethod(Invoker.java:661)
	at org.testng.internal.Invoker.invokeTestMethod(Invoker.java:869)
	at org.testng.internal.Invoker.invokeTestMethods(Invoker.java:1193)
	at org.testng.internal.TestMethodWorker.invokeTestMethods(TestMethodWorker.java:126)
	at org.testng.internal.TestMethodWorker.run(TestMethodWorker.java:109)
	at org.testng.TestRunner.privateRun(TestRunner.java:744)
	at org.testng.TestRunner.run(TestRunner.java:602)
	at org.testng.SuiteRunner.runTest(SuiteRunner.java:380)
	at org.testng.SuiteRunner.runSequentially(SuiteRunner.java:375)
	at org.testng.SuiteRunner.privateRun(SuiteRunner.java:340)
	at org.testng.SuiteRunner.run(SuiteRunner.java:289)
	at org.testng.SuiteRunnerWorker.runSuite(SuiteRunnerWorker.java:52)
	at org.testng.SuiteRunnerWorker.run(SuiteRunnerWorker.java:86)
	at org.testng.TestNG.runSuitesSequentially(TestNG.java:1301)
	at org.testng.TestNG.runSuitesLocally(TestNG.java:1226)
	at org.testng.TestNG.runSuites(TestNG.java:1144)
	at org.testng.TestNG.run(TestNG.java:1115)
	at org.testng.remote.AbstractRemoteTestNG.run(AbstractRemoteTestNG.java:114)
	at org.testng.remote.RemoteTestNG.initAndRun(RemoteTestNG.java:251)
	at org.testng.remote.RemoteTestNG.main(RemoteTestNG.java:77)
]]>
    </error>
  </testcase> <!-- validateCWMobileWebpage -->
</testsuite> <!-- MobileTesting.com.AFAdvantage.TC005_ValidateCompWestWebsiteObjects -->
